<?xml version="1.0" encoding="UTF-8"?>
<!-- Generated by org.testng.reporters.JUnitReportReporter -->
<testsuite skipped="0" hostname="LAPTOP-9CM2R7EG" name="Orangehrm_Frame.testcases.EmployeeRegTest" tests="1" failures="0" timestamp="2022-09-02T16:53:08 IST" time="7.510" errors="0">
  <testcase name="checkEmpReg" time="7.510" classname="Orangehrm_Frame.testcases.EmployeeRegTest"/>
  <system-out/>
</testsuite> <!-- Orangehrm_Frame.testcases.EmployeeRegTest -->
